=== GVSZIM RunLog ===
Időpont : 2019-02-16 18:02
Környezet: Gép {PETI} Felhasználó {Peti}
Csoport: TESZT
Menetrend: A+SZIM

Hűvösvölgy
[17:45] [09:02] ElrendelesKi?387
[17:46] [09:04] Menesztes?387?C
[17:50] [09:17] VonatFogad?387



GYVSZIM Runtime Log tartalma:
2019-02-16 18:02: ValtKezElrendeltKijarat: 0
ValtKezLezartValto: 0
ValtoFeloldas: 1
JelzoVaganyutReszbenFelhasznalva: 0
JelzoVaganyutNincsFelhasznalva: 0
JelzoElrendelesNelkul: 0
JelzoUjraSzabadraAllitas: 0
ValtoFeloldasFelhasznalatlanVaganyut: 0
ValtoLezarasVaganyutBeallitas: 0
ValtoLezarasElrendelesNelkul: 2
SzamlalosOlomzarasGomb: 0
Kenyszeroldas: 0
TelHelytelenCsengetes: 0
TelHelytelenVisszacsengetes: 0
TelEngDupla: 0
TelEngAllTav: 0
TelEngVanIndulasiHiany: 0
TelEngAzonosSzembe: 0
MenesztesEngNelkul: 0
MenesztesSzembe: 0
MenesztesVorosbeValto: 0
TelVisszjelJelzoSzabad: 0
TelEngAzonosEllenvonatVolt: 0
TelIndKeresztVisszjelHiany: 0
TelIndHiany: 0
TelEngLejart: 0
TelVisszjelHiany: 0
TelEngMasikVaganyut: 0
TelEngKoruljaras: 0

Vége a futásidőben naplózott adatok kivonatának
