=== GVSZIM RunLog ===
Időpont : 2019-02-16 17:42
Környezet: Gép {PETI} Felhasználó {Peti}
Csoport: TESZT
Menetrend: A+SZIM

Hűvösvölgy
[17:32] [09:20] ElrendelesKi?387
[17:33] [09:23] Menesztes?387?C
[17:37] [09:36] VonatFogad?387



GYVSZIM Runtime Log tartalma:
2019-02-16 17:42: ValtKezElrendeltKijarat: 0
ValtKezLezartValto: 0
ValtoFeloldas: 0
JelzoVaganyutReszbenFelhasznalva: 0
JelzoVaganyutNincsFelhasznalva: 0
JelzoElrendelesNelkul: 0
JelzoUjraSzabadraAllitas: 0
ValtoFeloldasFelhasznalatlanVaganyut: 0
ValtoLezarasVaganyutBeallitas: 0
ValtoLezarasElrendelesNelkul: 1
SzamlalosOlomzarasGomb: 0
Kenyszeroldas: 0
TelHelytelenCsengetes: 2
TelHelytelenVisszacsengetes: 0
TelEngDupla: 0
TelEngAllTav: 0
TelEngVanIndulasiHiany: 0
TelEngAzonosSzembe: 0
MenesztesEngNelkul: 0
MenesztesSzembe: 0
MenesztesVorosbeValto: 2
TelVisszjelJelzoSzabad: 0
TelEngAzonosEllenvonatVolt: 0
TelIndKeresztVisszjelHiany: 0
TelIndHiany: 0
TelEngLejart: 0
TelVisszjelHiany: 0
TelEngMasikVaganyut: 0
TelEngKoruljaras: 0

Vége a futásidőben naplózott adatok kivonatának
