=== GVSZIM RunLog ===
Időpont : 2020. 01. 19. 13:32
Környezet: Gép {PETI} Felhasználó {Peti}
Csoport: TESZT
Menetrend: A+SZIM

Széchenyi-hegy
[12:41] [15:50] ElrendelesKi?522

Csillebérc

Virágvölgy

János-hegy

Szépjuhászné

Hárs-hegy
[13:13] [17:24] VonatElkuld?387
[13:13] [17:25] ElrendelesBe?387

Hűvösvölgy
[13:11] [17:20] ElrendelesKi?387
[13:12] [17:24] Menesztes?387?B
[13:15] [17:33] VonatFogad?387



GYVSZIM Runtime Log tartalma:
2020. 01. 19. 13:32: ValtKezElrendeltKijarat: 0
ValtKezLezartValto: 0
ValtoFeloldas: 39
JelzoVaganyutReszbenFelhasznalva: 0
JelzoVaganyutNincsFelhasznalva: 0
JelzoElrendelesNelkul: 0
JelzoUjraSzabadraAllitas: 0
ValtoFeloldasFelhasznalatlanVaganyut: 0
ValtoLezarasVaganyutBeallitas: 0
ValtoLezarasElrendelesNelkul: 3
SzamlalosOlomzarasGomb: 4
Kenyszeroldas: 2
TelHelytelenCsengetes: 0
TelHelytelenVisszacsengetes: 1
TelEngDupla: 0
TelEngAllTav: 0
TelEngVanIndulasiHiany: 0
TelEngAzonosSzembe: 0
MenesztesEngNelkul: 1
MenesztesSzembe: 0
MenesztesVorosbeValto: 0
TelVisszjelJelzoSzabad: 2
TelEngAzonosEllenvonatVolt: 0
TelIndKeresztVisszjelHiany: 0
TelIndHiany: 3
TelEngLejart: 0
TelVisszjelHiany: 2
TelEngMasikVaganyut: 0
TelEngKoruljaras: 0

Vége a futásidőben naplózott adatok kivonatának
