=== GVSZIM RunLog ===
Időpont : 2020. 01. 19. 14:30
Környezet: Gép {PETI} Felhasználó {Peti}
Csoport: TESZT
Menetrend: A+SZIM

Széchenyi-hegy
[13:48] [9:02] ElrendelesKi?522
[13:50] [9:09] Menesztes?522?C
[13:52] [9:15] VonatMegallt?522?A

Csillebérc
[13:50] [9:09] VonatElkuld?522
[13:52] [9:15] VonatMegallt?522?A
[14:30] [11:07] VonatElkuld?387

Virágvölgy
[14:23] [10:45] VonatElkuld?387
[14:24] [10:50] VonatMegallt?387?B
[14:28] [11:01] ElrendelesBe?387
[14:29] [11:04] ElrendelesKi?387
[14:29] [11:06] Menesztes?387?K2

János-hegy
[14:17] [10:29] VonatElkuld?387
[14:19] [10:36] VonatMegallt?387?B
[14:21] [10:42] ElrendelesBe?387
[14:22] [10:44] ElrendelesKi?387
[14:22] [10:45] Menesztes?387?K1
[14:24] [10:50] VonatMegallt?387?B
[14:28] [11:03] VonatFogad?387

Szépjuhászné
[14:14] [10:19] VonatElkuld?387
[14:17] [10:28] Menesztes?387?K2
[14:19] [10:36] VonatMegallt?387?B
[14:22] [10:43] VonatFogad?387

Hárs-hegy
[14:09] [10:06] VonatElkuld?387
[14:10] [10:09] ElrendelesBe?387
[14:13] [10:16] ElrendelesKi?387
[14:13] [10:17] ElrendelesKi?222
[14:14] [10:19] Menesztes?387?K1
[14:14] [10:21] Menesztes?222?V2
[14:16] [10:26] VonatFogad?387
[14:17] [10:30] VonatMegallt?222?A

Hűvösvölgy
[14:08] [10:03] ElrendelesKi?387
[14:09] [10:05] Menesztes?387?B
[14:12] [10:14] VonatFogad?387
[14:14] [10:21] VonatElkuld?222
[14:17] [10:30] VonatMegallt?222?A



GYVSZIM Runtime Log tartalma:
2020. 01. 19. 14:30: ValtKezElrendeltKijarat: 2
ValtKezLezartValto: 0
ValtoFeloldas: 3
JelzoVaganyutReszbenFelhasznalva: 0
JelzoVaganyutNincsFelhasznalva: 0
JelzoElrendelesNelkul: 0
JelzoUjraSzabadraAllitas: 0
ValtoFeloldasFelhasznalatlanVaganyut: 0
ValtoLezarasVaganyutBeallitas: 0
ValtoLezarasElrendelesNelkul: 1
SzamlalosOlomzarasGomb: 0
Kenyszeroldas: 0
TelHelytelenCsengetes: 2
TelHelytelenVisszacsengetes: 1
TelEngDupla: 0
TelEngAllTav: 0
TelEngVanIndulasiHiany: 0
TelEngAzonosSzembe: 0
MenesztesEngNelkul: 0
MenesztesSzembe: 0
MenesztesVorosbeValto: 1
TelVisszjelJelzoSzabad: 1
TelEngAzonosEllenvonatVolt: 0
TelIndKeresztVisszjelHiany: 0
TelIndHiany: 0
TelEngLejart: 0
TelVisszjelHiany: 0
TelEngMasikVaganyut: 0
TelEngKoruljaras: 0

Vége a futásidőben naplózott adatok kivonatának
