=== GVSZIM RunLog ===
Időpont : 2020. 03. 17. 17:20
Környezet: Gép {PETI} Felhasználó {Peti}
Csoport: TESZT
Menetrend: A+SZIM

Széchenyi-hegy

Csillebérc

Virágvölgy

János-hegy

Szépjuhászné

Hárs-hegy
[16:59] [12:39] VonatElkuld?387
[17:02] [12:48] VonatMegallt?387?B
[17:08] [13:07] ElrendelesBe?387

Hűvösvölgy
[16:58] [12:37] ElrendelesKi?387
[16:59] [12:39] Menesztes?387?B
[17:02] [12:48] VonatMegallt?387?B
[17:09] [13:08] VonatFogad?387



GYVSZIM Runtime Log tartalma:
2020. 03. 17. 17:20: ValtKezElrendeltKijarat: 0
ValtKezLezartValto: 0
ValtoFeloldas: 17
JelzoVaganyutReszbenFelhasznalva: 0
JelzoVaganyutNincsFelhasznalva: 0
JelzoElrendelesNelkul: 0
JelzoUjraSzabadraAllitas: 0
ValtoFeloldasFelhasznalatlanVaganyut: 0
ValtoLezarasVaganyutBeallitas: 0
ValtoLezarasElrendelesNelkul: 0
SzamlalosOlomzarasGomb: 0
Kenyszeroldas: 0
TelHelytelenCsengetes: 0
TelHelytelenVisszacsengetes: 0
TelEngDupla: 0
TelEngAllTav: 0
TelEngVanIndulasiHiany: 0
TelEngAzonosSzembe: 0
MenesztesEngNelkul: 1
MenesztesSzembe: 0
MenesztesVorosbeValto: 0
TelVisszjelJelzoSzabad: 0
TelEngAzonosEllenvonatVolt: 0
TelIndKeresztVisszjelHiany: 0
TelIndHiany: 4
TelEngLejart: 0
TelVisszjelHiany: 6
TelEngMasikVaganyut: 0
TelEngKoruljaras: 0

Vége a futásidőben naplózott adatok kivonatának
