=== GVSZIM RunLog ===
Időpont : 2019-02-16 16:33
Környezet: Gép {PETI} Felhasználó {Peti}
Csoport: TESZT
Menetrend: A+SZIM

Hűvösvölgy
[16:30] [09:05] ElrendelesKi?387
[16:31] [09:08] Menesztes?387?C



GYVSZIM Runtime Log tartalma:
2019-02-16 16:28: QuickStart
*A Szimulátor hálózatos módban indult ugyan el, de nem várta meg, hogy az egész vonal felépüljön (CTRL + Q).
2019-02-16 16:33: ValtKezElrendeltKijarat: 0
ValtKezLezartValto: 0
ValtoFeloldas: 1
JelzoVaganyutReszbenFelhasznalva: 0
JelzoVaganyutNincsFelhasznalva: 0
JelzoElrendelesNelkul: 0
JelzoUjraSzabadraAllitas: 0
ValtoFeloldasFelhasznalatlanVaganyut: 0
ValtoLezarasVaganyutBeallitas: 0
ValtoLezarasElrendelesNelkul: 0
SzamlalosOlomzarasGomb: 0
Kenyszeroldas: 0
TelHelytelenCsengetes: 0
TelHelytelenVisszacsengetes: 0
TelEngDupla: 0
TelEngAllTav: 0
TelEngVanIndulasiHiany: 0
TelEngAzonosSzembe: 0
MenesztesEngNelkul: 0
MenesztesSzembe: 0
MenesztesVorosbeValto: 0
TelVisszjelJelzoSzabad: 0
TelEngAzonosEllenvonatVolt: 0
TelIndKeresztVisszjelHiany: 0
TelIndHiany: 0
TelEngLejart: 0
TelVisszjelHiany: 0
TelEngMasikVaganyut: 0
TelEngKoruljaras: 0

Vége a futásidőben naplózott adatok kivonatának
